<?xml version="1.0" encoding="UTF-8"?>
<coverage generated="1547194812791" clover="3.2.0">
  <project timestamp="1547194812792" name="All files">
    <metrics statements="135" coveredstatements="128" conditionals="86" coveredconditionals="66" methods="32" coveredmethods="32" elements="253" coveredelements="226" complexity="0" loc="135" ncloc="135" packages="1" files="5" classes="5">
      <file name="constants.ts" path="/Users/luxin/Develop/toy/windmill-fsm/src/constants.ts">
        <metrics statements="1" coveredstatements="1" conditionals="0" coveredconditionals="0" methods="0" coveredmethods="0"/>
        <line num="1" count="2" type="stmt"/>
      </file>
      <file name="error.ts" path="/Users/luxin/Develop/toy/windmill-fsm/src/error.ts">
        <metrics statements="9" coveredstatements="9" conditionals="0" coveredconditionals="0" methods="2" coveredmethods="2"/>
        <line num="1" count="2" type="stmt"/>
        <line num="3" count="2" type="stmt"/>
        <line num="5" count="2" type="stmt"/>
        <line num="7" count="2" type="stmt"/>
        <line num="11" count="2" type="stmt"/>
        <line num="13" count="1" type="stmt"/>
        <line num="15" count="1" type="stmt"/>
        <line num="17" count="1" type="stmt"/>
        <line num="19" count="1" type="stmt"/>
      </file>
      <file name="index.ts" path="/Users/luxin/Develop/toy/windmill-fsm/src/index.ts">
        <metrics statements="52" coveredstatements="47" conditionals="34" coveredconditionals="22" methods="10" coveredmethods="10"/>
        <line num="1" count="1" type="stmt"/>
        <line num="2" count="1" type="stmt"/>
        <line num="4" count="1" type="stmt"/>
        <line num="17" count="3" type="stmt"/>
        <line num="19" count="3" type="stmt"/>
        <line num="24" count="3" type="stmt"/>
        <line num="25" count="3" type="stmt"/>
        <line num="28" count="3" type="stmt"/>
        <line num="29" count="3" type="cond" truecount="2" falsecount="0"/>
        <line num="33" count="6" type="stmt"/>
        <line num="37" count="6" type="stmt"/>
        <line num="46" count="2" type="cond" truecount="3" falsecount="1"/>
        <line num="47" count="0" type="stmt"/>
        <line num="51" count="0" type="stmt"/>
        <line num="53" count="2" type="cond" truecount="2" falsecount="0"/>
        <line num="54" count="2" type="cond" truecount="2" falsecount="0"/>
        <line num="55" count="1" type="stmt"/>
        <line num="61" count="1" type="stmt"/>
        <line num="62" count="1" type="stmt"/>
        <line num="63" count="1" type="stmt"/>
        <line num="69" count="2" type="stmt"/>
        <line num="70" count="2" type="stmt"/>
        <line num="72" count="2" type="cond" truecount="3" falsecount="0"/>
        <line num="76" count="2" type="cond" truecount="1" falsecount="3"/>
        <line num="81" count="2" type="cond" truecount="1" falsecount="1"/>
        <line num="85" count="0" type="stmt"/>
        <line num="88" count="2" type="stmt"/>
        <line num="92" count="1" type="stmt"/>
        <line num="93" count="1" type="cond" truecount="2" falsecount="2"/>
        <line num="94" count="1" type="stmt"/>
        <line num="95" count="1" type="stmt"/>
        <line num="98" count="1" type="stmt"/>
        <line num="100" count="1" type="stmt"/>
        <line num="101" count="3" type="cond" truecount="2" falsecount="3"/>
        <line num="102" count="3" type="stmt"/>
        <line num="106" count="1" type="stmt"/>
        <line num="110" count="2" type="stmt"/>
        <line num="116" count="2" type="stmt"/>
        <line num="118" count="2" type="cond" truecount="1" falsecount="1"/>
        <line num="119" count="0" type="stmt"/>
        <line num="124" count="2" type="stmt"/>
        <line num="126" count="2" type="stmt"/>
        <line num="130" count="2" type="stmt"/>
        <line num="139" count="2" type="stmt"/>
        <line num="141" count="2" type="cond" truecount="1" falsecount="1"/>
        <line num="142" count="0" type="stmt"/>
        <line num="145" count="2" type="stmt"/>
        <line num="146" count="2" type="stmt"/>
        <line num="147" count="2" type="stmt"/>
        <line num="148" count="2" type="stmt"/>
        <line num="150" count="2" type="stmt"/>
        <line num="155" count="1" type="stmt"/>
      </file>
      <file name="stateNode.ts" path="/Users/luxin/Develop/toy/windmill-fsm/src/stateNode.ts">
        <metrics statements="44" coveredstatements="42" conditionals="32" coveredconditionals="26" methods="15" coveredmethods="15"/>
        <line num="1" count="2" type="stmt"/>
        <line num="10" count="2" type="stmt"/>
        <line num="15" count="2" type="stmt"/>
        <line num="29" count="12" type="cond" truecount="3" falsecount="0"/>
        <line num="30" count="12" type="stmt"/>
        <line num="31" count="12" type="cond" truecount="2" falsecount="0"/>
        <line num="32" count="12" type="cond" truecount="2" falsecount="1"/>
        <line num="33" count="12" type="stmt"/>
        <line num="37" count="12" type="cond" truecount="2" falsecount="0"/>
        <line num="39" count="12" type="stmt"/>
        <line num="40" count="12" type="stmt"/>
        <line num="41" count="12" type="stmt"/>
        <line num="42" count="12" type="stmt"/>
        <line num="48" count="2" type="stmt"/>
        <line num="50" count="2" type="cond" truecount="2" falsecount="0"/>
        <line num="52" count="2" type="cond" truecount="1" falsecount="1"/>
        <line num="53" count="0" type="stmt"/>
        <line num="59" count="2" type="cond" truecount="2" falsecount="0"/>
        <line num="60" count="3" type="cond" truecount="2" falsecount="0"/>
        <line num="63" count="2" type="stmt"/>
        <line num="64" count="2" type="stmt"/>
        <line num="66" count="2" type="stmt"/>
        <line num="70" count="3" type="stmt"/>
        <line num="71" count="3" type="cond" truecount="1" falsecount="1"/>
        <line num="72" count="3" type="cond" truecount="1" falsecount="1"/>
        <line num="74" count="3" type="stmt"/>
        <line num="75" count="3" type="cond" truecount="2" falsecount="0"/>
        <line num="78" count="3" type="stmt"/>
        <line num="79" count="3" type="cond" truecount="2" falsecount="0"/>
        <line num="88" count="2" type="stmt"/>
        <line num="89" count="2" type="stmt"/>
        <line num="90" count="2" type="cond" truecount="2" falsecount="0"/>
        <line num="93" count="2" type="stmt"/>
        <line num="96" count="2" type="cond" truecount="1" falsecount="1"/>
        <line num="97" count="2" type="stmt"/>
        <line num="98" count="2" type="stmt"/>
        <line num="100" count="2" type="stmt"/>
        <line num="103" count="0" type="stmt"/>
        <line num="107" count="2" type="stmt"/>
        <line num="108" count="2" type="stmt"/>
        <line num="114" count="5" type="stmt"/>
        <line num="118" count="3" type="stmt"/>
        <line num="122" count="2" type="stmt"/>
        <line num="126" count="1" type="stmt"/>
      </file>
      <file name="utils.ts" path="/Users/luxin/Develop/toy/windmill-fsm/src/utils.ts">
        <metrics statements="29" coveredstatements="29" conditionals="20" coveredconditionals="18" methods="5" coveredmethods="5"/>
        <line num="1" count="3" type="stmt"/>
        <line num="6" count="5" type="cond" truecount="1" falsecount="1"/>
        <line num="8" count="5" type="stmt"/>
        <line num="10" count="5" type="cond" truecount="5" falsecount="0"/>
        <line num="11" count="1" type="stmt"/>
        <line num="14" count="4" type="cond" truecount="1" falsecount="1"/>
        <line num="19" count="4" type="stmt"/>
        <line num="21" count="4" type="stmt"/>
        <line num="25" count="4" type="stmt"/>
        <line num="27" count="6" type="stmt"/>
        <line num="28" count="6" type="stmt"/>
        <line num="32" count="6" type="cond" truecount="5" falsecount="0"/>
        <line num="33" count="2" type="stmt"/>
        <line num="41" count="4" type="stmt"/>
        <line num="44" count="3" type="stmt"/>
        <line num="45" count="26" type="cond" truecount="2" falsecount="0"/>
        <line num="46" count="1" type="stmt"/>
        <line num="48" count="25" type="cond" truecount="2" falsecount="0"/>
        <line num="49" count="24" type="stmt"/>
        <line num="51" count="1" type="stmt"/>
        <line num="54" count="3" type="stmt"/>
        <line num="55" count="12" type="cond" truecount="2" falsecount="0"/>
        <line num="56" count="5" type="stmt"/>
        <line num="58" count="7" type="stmt"/>
        <line num="59" count="7" type="stmt"/>
        <line num="60" count="9" type="stmt"/>
        <line num="61" count="9" type="stmt"/>
        <line num="62" count="9" type="stmt"/>
        <line num="65" count="7" type="stmt"/>
      </file>
    </metrics>
  </project>
</coverage>
