{"/Users/luxin/Develop/toy/windmill-fsm/src/constants.ts": {"path":"/Users/luxin/Develop/toy/windmill-fsm/src/constants.ts","statementMap":{"0":{"start":{"line":1,"column":13},"end":{"line":1,"column":36}},"1":{"start":{"line":3,"column":13},"end":{"line":6,"column":2}}},"fnMap":{},"branchMap":{},"s":{"0":2,"1":2},"f":{},"b":{}}
,"/Users/luxin/Develop/toy/windmill-fsm/src/error.ts": {"path":"/Users/luxin/Develop/toy/windmill-fsm/src/error.ts","statementMap":{"0":{"start":{"line":3,"column":8},"end":{"line":3,"column":17}},"1":{"start":{"line":5,"column":8},"end":{"line":5,"column":63}},"2":{"start":{"line":7,"column":8},"end":{"line":7,"column":37}},"3":{"start":{"line":1,"column":0},"end":{"line":9,"column":1}},"4":{"start":{"line":13,"column":8},"end":{"line":13,"column":17}},"5":{"start":{"line":15,"column":8},"end":{"line":15,"column":63}},"6":{"start":{"line":17,"column":8},"end":{"line":17,"column":37}},"7":{"start":{"line":19,"column":8},"end":{"line":19,"column":56}},"8":{"start":{"line":11,"column":0},"end":{"line":21,"column":1}}},"fnMap":{"0":{"name":"(anonymous_0)","decl":{"start":{"line":2,"column":4},"end":{"line":2,"column":15}},"loc":{"start":{"line":2,"column":25},"end":{"line":8,"column":5}}},"1":{"name":"(anonymous_1)","decl":{"start":{"line":12,"column":4},"end":{"line":12,"column":15}},"loc":{"start":{"line":12,"column":25},"end":{"line":20,"column":5}}}},"branchMap":{},"s":{"0":2,"1":2,"2":2,"3":2,"4":1,"5":1,"6":1,"7":1,"8":2},"f":{"0":2,"1":1},"b":{}}
,"/Users/luxin/Develop/toy/windmill-fsm/src/index.ts": {"path":"/Users/luxin/Develop/toy/windmill-fsm/src/index.ts","statementMap":{"0":{"start":{"line":1,"column":0},"end":{"line":1,"column":58}},"1":{"start":{"line":2,"column":0},"end":{"line":2,"column":35}},"2":{"start":{"line":4,"column":0},"end":{"line":4,"column":38}},"3":{"start":{"line":17,"column":8},"end":{"line":17,"column":85}},"4":{"start":{"line":19,"column":8},"end":{"line":22,"column":9}},"5":{"start":{"line":24,"column":8},"end":{"line":24,"column":48}},"6":{"start":{"line":25,"column":8},"end":{"line":25,"column":26}},"7":{"start":{"line":28,"column":8},"end":{"line":28,"column":34}},"8":{"start":{"line":29,"column":8},"end":{"line":41,"column":14}},"9":{"start":{"line":33,"column":38},"end":{"line":35,"column":22}},"10":{"start":{"line":36,"column":20},"end":{"line":36,"column":64}},"11":{"start":{"line":37,"column":20},"end":{"line":37,"column":37}},"12":{"start":{"line":47,"column":8},"end":{"line":53,"column":9}},"13":{"start":{"line":48,"column":12},"end":{"line":51,"column":15}},"14":{"start":{"line":52,"column":12},"end":{"line":52,"column":24}},"15":{"start":{"line":54,"column":22},"end":{"line":54,"column":52}},"16":{"start":{"line":55,"column":8},"end":{"line":60,"column":9}},"17":{"start":{"line":56,"column":12},"end":{"line":59,"column":15}},"18":{"start":{"line":62,"column":8},"end":{"line":62,"column":48}},"19":{"start":{"line":63,"column":8},"end":{"line":63,"column":33}},"20":{"start":{"line":64,"column":8},"end":{"line":64,"column":20}},"21":{"start":{"line":70,"column":8},"end":{"line":87,"column":9}},"22":{"start":{"line":71,"column":27},"end":{"line":71,"column":32}},"23":{"start":{"line":73,"column":12},"end":{"line":75,"column":52}},"24":{"start":{"line":77,"column":12},"end":{"line":80,"column":46}},"25":{"start":{"line":82,"column":12},"end":{"line":84,"column":15}},"26":{"start":{"line":86,"column":12},"end":{"line":86,"column":31}},"27":{"start":{"line":89,"column":8},"end":{"line":89,"column":20}},"28":{"start":{"line":93,"column":22},"end":{"line":93,"column":27}},"29":{"start":{"line":94,"column":8},"end":{"line":97,"column":9}},"30":{"start":{"line":95,"column":12},"end":{"line":95,"column":27}},"31":{"start":{"line":96,"column":12},"end":{"line":96,"column":23}},"32":{"start":{"line":99,"column":29},"end":{"line":99,"column":33}},"33":{"start":{"line":101,"column":8},"end":{"line":105,"column":11}},"34":{"start":{"line":102,"column":12},"end":{"line":104,"column":13}},"35":{"start":{"line":103,"column":16},"end":{"line":103,"column":49}},"36":{"start":{"line":107,"column":8},"end":{"line":107,"column":20}},"37":{"start":{"line":113,"column":23},"end":{"line":113,"column":28}},"38":{"start":{"line":114,"column":8},"end":{"line":116,"column":9}},"39":{"start":{"line":115,"column":12},"end":{"line":115,"column":57}},"40":{"start":{"line":118,"column":8},"end":{"line":118,"column":53}},"41":{"start":{"line":118,"column":46},"end":{"line":118,"column":53}},"42":{"start":{"line":120,"column":8},"end":{"line":120,"column":49}},"43":{"start":{"line":124,"column":8},"end":{"line":124,"column":29}},"44":{"start":{"line":130,"column":28},"end":{"line":130,"column":32}},"45":{"start":{"line":132,"column":23},"end":{"line":132,"column":47}},"46":{"start":{"line":134,"column":8},"end":{"line":134,"column":30}},"47":{"start":{"line":136,"column":8},"end":{"line":136,"column":45}},"48":{"start":{"line":136,"column":39},"end":{"line":136,"column":45}},"49":{"start":{"line":138,"column":8},"end":{"line":138,"column":28}},"50":{"start":{"line":140,"column":8},"end":{"line":140,"column":29}},"51":{"start":{"line":146,"column":26},"end":{"line":146,"column":60}},"52":{"start":{"line":148,"column":8},"end":{"line":152,"column":9}},"53":{"start":{"line":149,"column":12},"end":{"line":151,"column":13}},"54":{"start":{"line":154,"column":23},"end":{"line":154,"column":51}},"55":{"start":{"line":156,"column":8},"end":{"line":162,"column":10}},"56":{"start":{"line":160,"column":16},"end":{"line":160,"column":52}},"57":{"start":{"line":169,"column":27},"end":{"line":169,"column":52}},"58":{"start":{"line":171,"column":8},"end":{"line":173,"column":9}},"59":{"start":{"line":172,"column":12},"end":{"line":172,"column":54}},"60":{"start":{"line":175,"column":8},"end":{"line":175,"column":34}},"61":{"start":{"line":176,"column":8},"end":{"line":176,"column":34}},"62":{"start":{"line":177,"column":8},"end":{"line":181,"column":9}},"63":{"start":{"line":178,"column":12},"end":{"line":178,"column":20}},"64":{"start":{"line":180,"column":12},"end":{"line":180,"column":29}},"65":{"start":{"line":185,"column":0},"end":{"line":185,"column":24}}},"fnMap":{"0":{"name":"(anonymous_0)","decl":{"start":{"line":16,"column":4},"end":{"line":16,"column":15}},"loc":{"start":{"line":16,"column":42},"end":{"line":42,"column":5}}},"1":{"name":"(anonymous_1)","decl":{"start":{"line":32,"column":16},"end":{"line":32,"column":17}},"loc":{"start":{"line":32,"column":37},"end":{"line":38,"column":17}}},"2":{"name":"(anonymous_2)","decl":{"start":{"line":44,"column":11},"end":{"line":44,"column":15}},"loc":{"start":{"line":45,"column":26},"end":{"line":65,"column":5}}},"3":{"name":"(anonymous_3)","decl":{"start":{"line":67,"column":11},"end":{"line":67,"column":20}},"loc":{"start":{"line":68,"column":22},"end":{"line":90,"column":5}}},"4":{"name":"(anonymous_4)","decl":{"start":{"line":92,"column":11},"end":{"line":92,"column":19}},"loc":{"start":{"line":92,"column":52},"end":{"line":108,"column":5}}},"5":{"name":"(anonymous_5)","decl":{"start":{"line":101,"column":25},"end":{"line":101,"column":26}},"loc":{"start":{"line":101,"column":34},"end":{"line":105,"column":9}}},"6":{"name":"(anonymous_6)","decl":{"start":{"line":110,"column":11},"end":{"line":110,"column":18}},"loc":{"start":{"line":111,"column":22},"end":{"line":121,"column":5}}},"7":{"name":"(anonymous_7)","decl":{"start":{"line":123,"column":4},"end":{"line":123,"column":14}},"loc":{"start":{"line":123,"column":22},"end":{"line":125,"column":5}}},"8":{"name":"(anonymous_8)","decl":{"start":{"line":127,"column":12},"end":{"line":127,"column":24}},"loc":{"start":{"line":128,"column":21},"end":{"line":141,"column":5}}},"9":{"name":"(anonymous_9)","decl":{"start":{"line":143,"column":12},"end":{"line":143,"column":30}},"loc":{"start":{"line":144,"column":23},"end":{"line":163,"column":5}}},"10":{"name":"(anonymous_10)","decl":{"start":{"line":159,"column":12},"end":{"line":159,"column":13}},"loc":{"start":{"line":159,"column":50},"end":{"line":161,"column":13}}},"11":{"name":"(anonymous_11)","decl":{"start":{"line":165,"column":12},"end":{"line":165,"column":26}},"loc":{"start":{"line":167,"column":25},"end":{"line":182,"column":5}}}},"branchMap":{"0":{"loc":{"start":{"line":20,"column":21},"end":{"line":20,"column":35}},"type":"binary-expr","locations":[{"start":{"line":20,"column":21},"end":{"line":20,"column":35}},{"start":{"line":20,"column":39},"end":{"line":20,"column":48}}]},"1":{"loc":{"start":{"line":29,"column":8},"end":{"line":29,"column":21}},"type":"binary-expr","locations":[{"start":{"line":29,"column":8},"end":{"line":29,"column":21}},{"start":{"line":30,"column":15},"end":{"line":41,"column":13}}]},"2":{"loc":{"start":{"line":47,"column":8},"end":{"line":53,"column":9}},"type":"if","locations":[{"start":{"line":47,"column":8},"end":{"line":53,"column":9}},{"start":{"line":47,"column":8},"end":{"line":53,"column":9}}]},"3":{"loc":{"start":{"line":47,"column":12},"end":{"line":47,"column":22}},"type":"binary-expr","locations":[{"start":{"line":47,"column":12},"end":{"line":47,"column":22}},{"start":{"line":47,"column":26},"end":{"line":47,"column":44}}]},"4":{"loc":{"start":{"line":54,"column":22},"end":{"line":54,"column":31}},"type":"binary-expr","locations":[{"start":{"line":54,"column":22},"end":{"line":54,"column":31}},{"start":{"line":54,"column":35},"end":{"line":54,"column":52}}]},"5":{"loc":{"start":{"line":55,"column":8},"end":{"line":60,"column":9}},"type":"if","locations":[{"start":{"line":55,"column":8},"end":{"line":60,"column":9}},{"start":{"line":55,"column":8},"end":{"line":60,"column":9}}]},"6":{"loc":{"start":{"line":73,"column":12},"end":{"line":73,"column":38}},"type":"binary-expr","locations":[{"start":{"line":73,"column":12},"end":{"line":73,"column":38}},{"start":{"line":74,"column":20},"end":{"line":74,"column":35}},{"start":{"line":75,"column":19},"end":{"line":75,"column":51}}]},"7":{"loc":{"start":{"line":77,"column":12},"end":{"line":77,"column":19}},"type":"binary-expr","locations":[{"start":{"line":77,"column":12},"end":{"line":77,"column":19}},{"start":{"line":78,"column":19},"end":{"line":78,"column":46}},{"start":{"line":79,"column":20},"end":{"line":79,"column":35}},{"start":{"line":80,"column":19},"end":{"line":80,"column":45}}]},"8":{"loc":{"start":{"line":82,"column":12},"end":{"line":82,"column":21}},"type":"binary-expr","locations":[{"start":{"line":82,"column":12},"end":{"line":82,"column":21}},{"start":{"line":82,"column":25},"end":{"line":84,"column":14}}]},"9":{"loc":{"start":{"line":94,"column":8},"end":{"line":97,"column":9}},"type":"if","locations":[{"start":{"line":94,"column":8},"end":{"line":97,"column":9}},{"start":{"line":94,"column":8},"end":{"line":97,"column":9}}]},"10":{"loc":{"start":{"line":94,"column":12},"end":{"line":94,"column":18}},"type":"binary-expr","locations":[{"start":{"line":94,"column":12},"end":{"line":94,"column":18}},{"start":{"line":94,"column":22},"end":{"line":94,"column":35}}]},"11":{"loc":{"start":{"line":102,"column":12},"end":{"line":104,"column":13}},"type":"if","locations":[{"start":{"line":102,"column":12},"end":{"line":104,"column":13}},{"start":{"line":102,"column":12},"end":{"line":104,"column":13}}]},"12":{"loc":{"start":{"line":102,"column":16},"end":{"line":102,"column":23}},"type":"binary-expr","locations":[{"start":{"line":102,"column":16},"end":{"line":102,"column":23}},{"start":{"line":102,"column":28},"end":{"line":102,"column":33}},{"start":{"line":102,"column":37},"end":{"line":102,"column":54}}]},"13":{"loc":{"start":{"line":114,"column":8},"end":{"line":116,"column":9}},"type":"if","locations":[{"start":{"line":114,"column":8},"end":{"line":116,"column":9}},{"start":{"line":114,"column":8},"end":{"line":116,"column":9}}]},"14":{"loc":{"start":{"line":118,"column":8},"end":{"line":118,"column":53}},"type":"if","locations":[{"start":{"line":118,"column":8},"end":{"line":118,"column":53}},{"start":{"line":118,"column":8},"end":{"line":118,"column":53}}]},"15":{"loc":{"start":{"line":120,"column":8},"end":{"line":120,"column":16}},"type":"binary-expr","locations":[{"start":{"line":120,"column":8},"end":{"line":120,"column":16}},{"start":{"line":120,"column":20},"end":{"line":120,"column":48}}]},"16":{"loc":{"start":{"line":148,"column":8},"end":{"line":152,"column":9}},"type":"if","locations":[{"start":{"line":148,"column":8},"end":{"line":152,"column":9}},{"start":{"line":148,"column":8},"end":{"line":152,"column":9}}]},"17":{"loc":{"start":{"line":171,"column":8},"end":{"line":173,"column":9}},"type":"if","locations":[{"start":{"line":171,"column":8},"end":{"line":173,"column":9}},{"start":{"line":171,"column":8},"end":{"line":173,"column":9}}]}},"s":{"0":1,"1":1,"2":1,"3":3,"4":3,"5":3,"6":3,"7":3,"8":3,"9":6,"10":6,"11":6,"12":2,"13":0,"14":0,"15":2,"16":2,"17":1,"18":1,"19":1,"20":1,"21":2,"22":2,"23":2,"24":1,"25":1,"26":1,"27":2,"28":1,"29":1,"30":1,"31":1,"32":1,"33":1,"34":3,"35":3,"36":1,"37":0,"38":0,"39":0,"40":0,"41":0,"42":0,"43":2,"44":0,"45":0,"46":0,"47":0,"48":0,"49":0,"50":0,"51":2,"52":1,"53":0,"54":1,"55":1,"56":1,"57":1,"58":1,"59":0,"60":1,"61":1,"62":1,"63":1,"64":1,"65":1},"f":{"0":3,"1":6,"2":2,"3":2,"4":1,"5":3,"6":0,"7":2,"8":0,"9":2,"10":1,"11":1},"b":{"0":[3,3],"1":[3,3],"2":[0,2],"3":[2,1],"4":[2,1],"5":[1,1],"6":[2,2,2],"7":[1,0,0,0],"8":[1,0],"9":[1,0],"10":[1,0],"11":[3,0],"12":[3,0,0],"13":[0,0],"14":[0,0],"15":[0,0],"16":[0,1],"17":[0,1]}}
,"/Users/luxin/Develop/toy/windmill-fsm/src/stateNode.ts": {"path":"/Users/luxin/Develop/toy/windmill-fsm/src/stateNode.ts","statementMap":{"0":{"start":{"line":1,"column":0},"end":{"line":4,"column":20}},"1":{"start":{"line":11,"column":0},"end":{"line":14,"column":16}},"2":{"start":{"line":30,"column":8},"end":{"line":30,"column":61}},"3":{"start":{"line":31,"column":8},"end":{"line":31,"column":37}},"4":{"start":{"line":32,"column":8},"end":{"line":32,"column":86}},"5":{"start":{"line":33,"column":8},"end":{"line":33,"column":75}},"6":{"start":{"line":34,"column":8},"end":{"line":36,"column":15}},"7":{"start":{"line":40,"column":8},"end":{"line":40,"column":80}},"8":{"start":{"line":41,"column":8},"end":{"line":41,"column":78}},"9":{"start":{"line":42,"column":8},"end":{"line":42,"column":46}},"10":{"start":{"line":49,"column":29},"end":{"line":49,"column":33}},"11":{"start":{"line":51,"column":24},"end":{"line":51,"column":65}},"12":{"start":{"line":53,"column":8},"end":{"line":55,"column":11}},"13":{"start":{"line":54,"column":12},"end":{"line":54,"column":43}},"14":{"start":{"line":57,"column":8},"end":{"line":68,"column":9}},"15":{"start":{"line":58,"column":12},"end":{"line":63,"column":13}},"16":{"start":{"line":59,"column":16},"end":{"line":62,"column":18}},"17":{"start":{"line":64,"column":12},"end":{"line":67,"column":15}},"18":{"start":{"line":71,"column":27},"end":{"line":71,"column":52}},"19":{"start":{"line":72,"column":22},"end":{"line":72,"column":43}},"20":{"start":{"line":74,"column":8},"end":{"line":74,"column":21}},"21":{"start":{"line":78,"column":56},"end":{"line":78,"column":60}},"22":{"start":{"line":79,"column":23},"end":{"line":79,"column":41}},"23":{"start":{"line":80,"column":22},"end":{"line":80,"column":39}},"24":{"start":{"line":82,"column":8},"end":{"line":84,"column":11}},"25":{"start":{"line":83,"column":12},"end":{"line":83,"column":72}},"26":{"start":{"line":86,"column":8},"end":{"line":88,"column":11}},"27":{"start":{"line":87,"column":12},"end":{"line":87,"column":70}},"28":{"start":{"line":96,"column":8},"end":{"line":102,"column":9}},"29":{"start":{"line":97,"column":12},"end":{"line":99,"column":15}},"30":{"start":{"line":98,"column":16},"end":{"line":98,"column":33}},"31":{"start":{"line":101,"column":12},"end":{"line":101,"column":29}},"32":{"start":{"line":104,"column":8},"end":{"line":109,"column":9}},"33":{"start":{"line":105,"column":12},"end":{"line":107,"column":15}},"34":{"start":{"line":106,"column":16},"end":{"line":106,"column":40}},"35":{"start":{"line":108,"column":12},"end":{"line":108,"column":19}},"36":{"start":{"line":111,"column":8},"end":{"line":111,"column":50}},"37":{"start":{"line":117,"column":22},"end":{"line":117,"column":29}},"38":{"start":{"line":119,"column":8},"end":{"line":119,"column":27}},"39":{"start":{"line":119,"column":20},"end":{"line":119,"column":27}},"40":{"start":{"line":121,"column":25},"end":{"line":121,"column":46}},"41":{"start":{"line":123,"column":8},"end":{"line":129,"column":9}},"42":{"start":{"line":124,"column":12},"end":{"line":126,"column":15}},"43":{"start":{"line":125,"column":16},"end":{"line":125,"column":32}},"44":{"start":{"line":128,"column":12},"end":{"line":128,"column":52}},"45":{"start":{"line":133,"column":8},"end":{"line":135,"column":11}},"46":{"start":{"line":134,"column":12},"end":{"line":134,"column":25}},"47":{"start":{"line":140,"column":8},"end":{"line":140,"column":25}},"48":{"start":{"line":144,"column":8},"end":{"line":144,"column":29}},"49":{"start":{"line":148,"column":8},"end":{"line":148,"column":24}},"50":{"start":{"line":152,"column":8},"end":{"line":152,"column":28}},"51":{"start":{"line":156,"column":8},"end":{"line":156,"column":27}},"52":{"start":{"line":16,"column":0},"end":{"line":159,"column":1}}},"fnMap":{"0":{"name":"(anonymous_0)","decl":{"start":{"line":29,"column":4},"end":{"line":29,"column":15}},"loc":{"start":{"line":29,"column":42},"end":{"line":44,"column":5}}},"1":{"name":"(anonymous_1)","decl":{"start":{"line":46,"column":11},"end":{"line":46,"column":23}},"loc":{"start":{"line":47,"column":23},"end":{"line":75,"column":5}}},"2":{"name":"(anonymous_2)","decl":{"start":{"line":53,"column":35},"end":{"line":53,"column":36}},"loc":{"start":{"line":53,"column":39},"end":{"line":55,"column":9}}},"3":{"name":"(anonymous_3)","decl":{"start":{"line":77,"column":11},"end":{"line":77,"column":19}},"loc":{"start":{"line":77,"column":34},"end":{"line":89,"column":5}}},"4":{"name":"(anonymous_4)","decl":{"start":{"line":82,"column":23},"end":{"line":82,"column":24}},"loc":{"start":{"line":82,"column":27},"end":{"line":84,"column":9}}},"5":{"name":"(anonymous_5)","decl":{"start":{"line":86,"column":22},"end":{"line":86,"column":23}},"loc":{"start":{"line":86,"column":26},"end":{"line":88,"column":9}}},"6":{"name":"(anonymous_6)","decl":{"start":{"line":91,"column":11},"end":{"line":91,"column":20}},"loc":{"start":{"line":94,"column":52},"end":{"line":112,"column":5}}},"7":{"name":"(anonymous_7)","decl":{"start":{"line":97,"column":43},"end":{"line":97,"column":47}},"loc":{"start":{"line":97,"column":51},"end":{"line":99,"column":13}}},"8":{"name":"(anonymous_8)","decl":{"start":{"line":105,"column":22},"end":{"line":105,"column":24}},"loc":{"start":{"line":105,"column":27},"end":{"line":107,"column":13}}},"9":{"name":"(anonymous_9)","decl":{"start":{"line":114,"column":11},"end":{"line":114,"column":14}},"loc":{"start":{"line":115,"column":22},"end":{"line":130,"column":5}}},"10":{"name":"(anonymous_10)","decl":{"start":{"line":124,"column":29},"end":{"line":124,"column":30}},"loc":{"start":{"line":124,"column":49},"end":{"line":126,"column":13}}},"11":{"name":"(anonymous_11)","decl":{"start":{"line":132,"column":12},"end":{"line":132,"column":22}},"loc":{"start":{"line":132,"column":38},"end":{"line":136,"column":5}}},"12":{"name":"(anonymous_12)","decl":{"start":{"line":133,"column":38},"end":{"line":133,"column":42}},"loc":{"start":{"line":133,"column":46},"end":{"line":135,"column":9}}},"13":{"name":"(anonymous_13)","decl":{"start":{"line":139,"column":4},"end":{"line":139,"column":14}},"loc":{"start":{"line":139,"column":18},"end":{"line":141,"column":5}}},"14":{"name":"(anonymous_14)","decl":{"start":{"line":143,"column":4},"end":{"line":143,"column":14}},"loc":{"start":{"line":143,"column":22},"end":{"line":145,"column":5}}},"15":{"name":"(anonymous_15)","decl":{"start":{"line":147,"column":4},"end":{"line":147,"column":14}},"loc":{"start":{"line":147,"column":17},"end":{"line":149,"column":5}}},"16":{"name":"(anonymous_16)","decl":{"start":{"line":151,"column":4},"end":{"line":151,"column":14}},"loc":{"start":{"line":151,"column":21},"end":{"line":153,"column":5}}},"17":{"name":"(anonymous_17)","decl":{"start":{"line":155,"column":4},"end":{"line":155,"column":14}},"loc":{"start":{"line":155,"column":20},"end":{"line":157,"column":5}}}},"branchMap":{"0":{"loc":{"start":{"line":30,"column":20},"end":{"line":30,"column":30}},"type":"binary-expr","locations":[{"start":{"line":30,"column":20},"end":{"line":30,"column":30}},{"start":{"line":30,"column":34},"end":{"line":30,"column":45}},{"start":{"line":30,"column":49},"end":{"line":30,"column":60}}]},"1":{"loc":{"start":{"line":32,"column":37},"end":{"line":32,"column":72}},"type":"cond-expr","locations":[{"start":{"line":32,"column":37},"end":{"line":32,"column":72}},{"start":{"line":32,"column":75},"end":{"line":32,"column":85}}]},"2":{"loc":{"start":{"line":33,"column":26},"end":{"line":33,"column":33}},"type":"binary-expr","locations":[{"start":{"line":33,"column":26},"end":{"line":33,"column":33}},{"start":{"line":33,"column":37},"end":{"line":33,"column":53}},{"start":{"line":33,"column":58},"end":{"line":33,"column":74}}]},"3":{"loc":{"start":{"line":35,"column":12},"end":{"line":35,"column":44}},"type":"cond-expr","locations":[{"start":{"line":35,"column":12},"end":{"line":35,"column":44}},{"start":{"line":36,"column":12},"end":{"line":36,"column":14}}]},"4":{"loc":{"start":{"line":51,"column":24},"end":{"line":51,"column":31}},"type":"binary-expr","locations":[{"start":{"line":51,"column":24},"end":{"line":51,"column":31}},{"start":{"line":51,"column":35},"end":{"line":51,"column":50}},{"start":{"line":51,"column":54},"end":{"line":51,"column":65}}]},"5":{"loc":{"start":{"line":53,"column":8},"end":{"line":53,"column":14}},"type":"binary-expr","locations":[{"start":{"line":53,"column":8},"end":{"line":53,"column":14}},{"start":{"line":53,"column":18},"end":{"line":55,"column":10}}]},"6":{"loc":{"start":{"line":54,"column":12},"end":{"line":54,"column":21}},"type":"binary-expr","locations":[{"start":{"line":54,"column":12},"end":{"line":54,"column":21}},{"start":{"line":54,"column":27},"end":{"line":54,"column":40}}]},"7":{"loc":{"start":{"line":57,"column":8},"end":{"line":68,"column":9}},"type":"if","locations":[{"start":{"line":57,"column":8},"end":{"line":68,"column":9}},{"start":{"line":57,"column":8},"end":{"line":68,"column":9}}]},"8":{"loc":{"start":{"line":58,"column":12},"end":{"line":63,"column":13}},"type":"if","locations":[{"start":{"line":58,"column":12},"end":{"line":63,"column":13}},{"start":{"line":58,"column":12},"end":{"line":63,"column":13}}]},"9":{"loc":{"start":{"line":79,"column":23},"end":{"line":79,"column":35}},"type":"binary-expr","locations":[{"start":{"line":79,"column":23},"end":{"line":79,"column":35}},{"start":{"line":79,"column":39},"end":{"line":79,"column":41}}]},"10":{"loc":{"start":{"line":80,"column":22},"end":{"line":80,"column":33}},"type":"binary-expr","locations":[{"start":{"line":80,"column":22},"end":{"line":80,"column":33}},{"start":{"line":80,"column":37},"end":{"line":80,"column":39}}]},"11":{"loc":{"start":{"line":83,"column":12},"end":{"line":83,"column":42}},"type":"binary-expr","locations":[{"start":{"line":83,"column":12},"end":{"line":83,"column":42}},{"start":{"line":83,"column":46},"end":{"line":83,"column":71}}]},"12":{"loc":{"start":{"line":87,"column":12},"end":{"line":87,"column":41}},"type":"binary-expr","locations":[{"start":{"line":87,"column":12},"end":{"line":87,"column":41}},{"start":{"line":87,"column":45},"end":{"line":87,"column":69}}]},"13":{"loc":{"start":{"line":98,"column":16},"end":{"line":98,"column":21}},"type":"binary-expr","locations":[{"start":{"line":98,"column":16},"end":{"line":98,"column":21}},{"start":{"line":98,"column":25},"end":{"line":98,"column":32}}]},"14":{"loc":{"start":{"line":104,"column":8},"end":{"line":109,"column":9}},"type":"if","locations":[{"start":{"line":104,"column":8},"end":{"line":109,"column":9}},{"start":{"line":104,"column":8},"end":{"line":109,"column":9}}]},"15":{"loc":{"start":{"line":119,"column":8},"end":{"line":119,"column":27}},"type":"if","locations":[{"start":{"line":119,"column":8},"end":{"line":119,"column":27}},{"start":{"line":119,"column":8},"end":{"line":119,"column":27}}]},"16":{"loc":{"start":{"line":125,"column":16},"end":{"line":125,"column":17}},"type":"binary-expr","locations":[{"start":{"line":125,"column":16},"end":{"line":125,"column":17}},{"start":{"line":125,"column":21},"end":{"line":125,"column":31}}]}},"s":{"0":2,"1":2,"2":12,"3":12,"4":12,"5":12,"6":12,"7":12,"8":12,"9":12,"10":2,"11":2,"12":2,"13":3,"14":2,"15":1,"16":1,"17":0,"18":1,"19":1,"20":1,"21":3,"22":3,"23":3,"24":3,"25":3,"26":3,"27":3,"28":1,"29":1,"30":1,"31":1,"32":1,"33":1,"34":1,"35":1,"36":0,"37":0,"38":0,"39":0,"40":0,"41":0,"42":0,"43":0,"44":0,"45":1,"46":1,"47":23,"48":3,"49":2,"50":1,"51":7,"52":2},"f":{"0":12,"1":2,"2":3,"3":3,"4":3,"5":3,"6":1,"7":1,"8":1,"9":0,"10":0,"11":1,"12":1,"13":23,"14":3,"15":2,"16":1,"17":7},"b":{"0":[12,5,2],"1":[7,5],"2":[12,0,12],"3":[12,0],"4":[2,0,0],"5":[2,2],"6":[3,1],"7":[1,1],"8":[1,0],"9":[3,0],"10":[3,0],"11":[3,3],"12":[3,3],"13":[1,1],"14":[1,0],"15":[0,0],"16":[0,0]}}
,"/Users/luxin/Develop/toy/windmill-fsm/src/utils.ts": {"path":"/Users/luxin/Develop/toy/windmill-fsm/src/utils.ts","statementMap":{"0":{"start":{"line":9,"column":4},"end":{"line":17,"column":5}},"1":{"start":{"line":10,"column":8},"end":{"line":10,"column":32}},"2":{"start":{"line":10,"column":23},"end":{"line":10,"column":30}},"3":{"start":{"line":12,"column":21},"end":{"line":12,"column":40}},"4":{"start":{"line":14,"column":8},"end":{"line":16,"column":9}},"5":{"start":{"line":15,"column":12},"end":{"line":15,"column":19}},"6":{"start":{"line":19,"column":4},"end":{"line":22,"column":7}},"7":{"start":{"line":24,"column":4},"end":{"line":24,"column":12}},"8":{"start":{"line":28,"column":4},"end":{"line":44,"column":11}},"9":{"start":{"line":30,"column":12},"end":{"line":30,"column":39}},"10":{"start":{"line":31,"column":25},"end":{"line":35,"column":14}},"11":{"start":{"line":36,"column":12},"end":{"line":43,"column":13}},"12":{"start":{"line":37,"column":16},"end":{"line":42,"column":18}},"13":{"start":{"line":3,"column":0},"end":{"line":45,"column":1}},"14":{"start":{"line":48,"column":4},"end":{"line":50,"column":5}},"15":{"start":{"line":49,"column":8},"end":{"line":49,"column":21}},"16":{"start":{"line":51,"column":4},"end":{"line":53,"column":5}},"17":{"start":{"line":52,"column":8},"end":{"line":52,"column":18}},"18":{"start":{"line":54,"column":4},"end":{"line":54,"column":19}},"19":{"start":{"line":47,"column":0},"end":{"line":55,"column":1}},"20":{"start":{"line":58,"column":4},"end":{"line":60,"column":5}},"21":{"start":{"line":59,"column":8},"end":{"line":59,"column":18}},"22":{"start":{"line":61,"column":14},"end":{"line":61,"column":16}},"23":{"start":{"line":62,"column":4},"end":{"line":66,"column":7}},"24":{"start":{"line":63,"column":20},"end":{"line":63,"column":22}},"25":{"start":{"line":64,"column":8},"end":{"line":64,"column":26}},"26":{"start":{"line":65,"column":8},"end":{"line":65,"column":19}},"27":{"start":{"line":68,"column":4},"end":{"line":68,"column":15}},"28":{"start":{"line":57,"column":0},"end":{"line":69,"column":1}}},"fnMap":{"0":{"name":"iterateState","decl":{"start":{"line":3,"column":16},"end":{"line":3,"column":28}},"loc":{"start":{"line":7,"column":22},"end":{"line":45,"column":1}}},"1":{"name":"(anonymous_1)","decl":{"start":{"line":29,"column":17},"end":{"line":29,"column":18}},"loc":{"start":{"line":29,"column":28},"end":{"line":44,"column":9}}},"2":{"name":"toArray","decl":{"start":{"line":47,"column":16},"end":{"line":47,"column":23}},"loc":{"start":{"line":47,"column":53},"end":{"line":55,"column":1}}},"3":{"name":"ObjToArray","decl":{"start":{"line":57,"column":16},"end":{"line":57,"column":26}},"loc":{"start":{"line":57,"column":52},"end":{"line":69,"column":1}}},"4":{"name":"(anonymous_4)","decl":{"start":{"line":62,"column":33},"end":{"line":62,"column":34}},"loc":{"start":{"line":62,"column":37},"end":{"line":66,"column":5}}}},"branchMap":{"0":{"loc":{"start":{"line":9,"column":4},"end":{"line":17,"column":5}},"type":"if","locations":[{"start":{"line":9,"column":4},"end":{"line":17,"column":5}},{"start":{"line":9,"column":4},"end":{"line":17,"column":5}}]},"1":{"loc":{"start":{"line":10,"column":8},"end":{"line":10,"column":32}},"type":"if","locations":[{"start":{"line":10,"column":8},"end":{"line":10,"column":32}},{"start":{"line":10,"column":8},"end":{"line":10,"column":32}}]},"2":{"loc":{"start":{"line":14,"column":8},"end":{"line":16,"column":9}},"type":"if","locations":[{"start":{"line":14,"column":8},"end":{"line":16,"column":9}},{"start":{"line":14,"column":8},"end":{"line":16,"column":9}}]},"3":{"loc":{"start":{"line":14,"column":14},"end":{"line":14,"column":20}},"type":"binary-expr","locations":[{"start":{"line":14,"column":14},"end":{"line":14,"column":20}},{"start":{"line":14,"column":24},"end":{"line":14,"column":28}},{"start":{"line":14,"column":32},"end":{"line":14,"column":43}}]},"4":{"loc":{"start":{"line":19,"column":4},"end":{"line":19,"column":14}},"type":"binary-expr","locations":[{"start":{"line":19,"column":4},"end":{"line":19,"column":14}},{"start":{"line":19,"column":18},"end":{"line":22,"column":6}}]},"5":{"loc":{"start":{"line":36,"column":12},"end":{"line":43,"column":13}},"type":"if","locations":[{"start":{"line":36,"column":12},"end":{"line":43,"column":13}},{"start":{"line":36,"column":12},"end":{"line":43,"column":13}}]},"6":{"loc":{"start":{"line":36,"column":16},"end":{"line":36,"column":28}},"type":"binary-expr","locations":[{"start":{"line":36,"column":16},"end":{"line":36,"column":28}},{"start":{"line":36,"column":32},"end":{"line":36,"column":51}},{"start":{"line":36,"column":55},"end":{"line":36,"column":94}}]},"7":{"loc":{"start":{"line":48,"column":4},"end":{"line":50,"column":5}},"type":"if","locations":[{"start":{"line":48,"column":4},"end":{"line":50,"column":5}},{"start":{"line":48,"column":4},"end":{"line":50,"column":5}}]},"8":{"loc":{"start":{"line":51,"column":4},"end":{"line":53,"column":5}},"type":"if","locations":[{"start":{"line":51,"column":4},"end":{"line":53,"column":5}},{"start":{"line":51,"column":4},"end":{"line":53,"column":5}}]},"9":{"loc":{"start":{"line":58,"column":4},"end":{"line":60,"column":5}},"type":"if","locations":[{"start":{"line":58,"column":4},"end":{"line":60,"column":5}},{"start":{"line":58,"column":4},"end":{"line":60,"column":5}}]}},"s":{"0":5,"1":2,"2":0,"3":2,"4":2,"5":0,"6":5,"7":5,"8":5,"9":6,"10":6,"11":6,"12":2,"13":3,"14":26,"15":1,"16":25,"17":24,"18":1,"19":3,"20":12,"21":5,"22":7,"23":7,"24":9,"25":9,"26":9,"27":7,"28":3},"f":{"0":5,"1":6,"2":26,"3":12,"4":9},"b":{"0":[2,3],"1":[0,2],"2":[0,2],"3":[2,2,2],"4":[5,0],"5":[2,4],"6":[6,6,2],"7":[1,25],"8":[24,1],"9":[5,7]}}
}
