{"/Users/luxin/Develop/toy/windmill-fsm/src/constants.ts": {"path":"/Users/luxin/Develop/toy/windmill-fsm/src/constants.ts","statementMap":{"0":{"start":{"line":1,"column":13},"end":{"line":1,"column":36}}},"fnMap":{},"branchMap":{},"s":{"0":2},"f":{},"b":{}}
,"/Users/luxin/Develop/toy/windmill-fsm/src/error.ts": {"path":"/Users/luxin/Develop/toy/windmill-fsm/src/error.ts","statementMap":{"0":{"start":{"line":3,"column":8},"end":{"line":3,"column":17}},"1":{"start":{"line":5,"column":8},"end":{"line":5,"column":63}},"2":{"start":{"line":7,"column":8},"end":{"line":7,"column":37}},"3":{"start":{"line":1,"column":0},"end":{"line":9,"column":1}},"4":{"start":{"line":13,"column":8},"end":{"line":13,"column":17}},"5":{"start":{"line":15,"column":8},"end":{"line":15,"column":63}},"6":{"start":{"line":17,"column":8},"end":{"line":17,"column":37}},"7":{"start":{"line":19,"column":8},"end":{"line":19,"column":56}},"8":{"start":{"line":11,"column":0},"end":{"line":21,"column":1}}},"fnMap":{"0":{"name":"(anonymous_0)","decl":{"start":{"line":2,"column":4},"end":{"line":2,"column":15}},"loc":{"start":{"line":2,"column":25},"end":{"line":8,"column":5}}},"1":{"name":"(anonymous_1)","decl":{"start":{"line":12,"column":4},"end":{"line":12,"column":15}},"loc":{"start":{"line":12,"column":25},"end":{"line":20,"column":5}}}},"branchMap":{},"s":{"0":2,"1":2,"2":2,"3":2,"4":1,"5":1,"6":1,"7":1,"8":2},"f":{"0":2,"1":1},"b":{}}
,"/Users/luxin/Develop/toy/windmill-fsm/src/index.ts": {"path":"/Users/luxin/Develop/toy/windmill-fsm/src/index.ts","statementMap":{"0":{"start":{"line":1,"column":0},"end":{"line":1,"column":58}},"1":{"start":{"line":2,"column":0},"end":{"line":2,"column":35}},"2":{"start":{"line":4,"column":0},"end":{"line":4,"column":38}},"3":{"start":{"line":17,"column":8},"end":{"line":17,"column":85}},"4":{"start":{"line":19,"column":8},"end":{"line":22,"column":9}},"5":{"start":{"line":24,"column":8},"end":{"line":24,"column":48}},"6":{"start":{"line":25,"column":8},"end":{"line":25,"column":26}},"7":{"start":{"line":28,"column":8},"end":{"line":28,"column":34}},"8":{"start":{"line":29,"column":8},"end":{"line":40,"column":14}},"9":{"start":{"line":33,"column":38},"end":{"line":36,"column":22}},"10":{"start":{"line":37,"column":20},"end":{"line":37,"column":64}},"11":{"start":{"line":46,"column":8},"end":{"line":52,"column":9}},"12":{"start":{"line":47,"column":12},"end":{"line":50,"column":15}},"13":{"start":{"line":51,"column":12},"end":{"line":51,"column":24}},"14":{"start":{"line":53,"column":22},"end":{"line":53,"column":52}},"15":{"start":{"line":54,"column":8},"end":{"line":59,"column":9}},"16":{"start":{"line":55,"column":12},"end":{"line":58,"column":15}},"17":{"start":{"line":61,"column":8},"end":{"line":61,"column":48}},"18":{"start":{"line":62,"column":8},"end":{"line":62,"column":33}},"19":{"start":{"line":63,"column":8},"end":{"line":63,"column":20}},"20":{"start":{"line":69,"column":8},"end":{"line":86,"column":9}},"21":{"start":{"line":70,"column":27},"end":{"line":70,"column":32}},"22":{"start":{"line":72,"column":12},"end":{"line":74,"column":52}},"23":{"start":{"line":76,"column":12},"end":{"line":79,"column":46}},"24":{"start":{"line":81,"column":12},"end":{"line":83,"column":15}},"25":{"start":{"line":85,"column":12},"end":{"line":85,"column":31}},"26":{"start":{"line":88,"column":8},"end":{"line":88,"column":20}},"27":{"start":{"line":92,"column":22},"end":{"line":92,"column":27}},"28":{"start":{"line":93,"column":8},"end":{"line":96,"column":9}},"29":{"start":{"line":94,"column":12},"end":{"line":94,"column":27}},"30":{"start":{"line":95,"column":12},"end":{"line":95,"column":23}},"31":{"start":{"line":98,"column":29},"end":{"line":98,"column":33}},"32":{"start":{"line":100,"column":8},"end":{"line":104,"column":11}},"33":{"start":{"line":101,"column":12},"end":{"line":103,"column":13}},"34":{"start":{"line":102,"column":16},"end":{"line":102,"column":49}},"35":{"start":{"line":106,"column":8},"end":{"line":106,"column":20}},"36":{"start":{"line":110,"column":8},"end":{"line":110,"column":29}},"37":{"start":{"line":116,"column":26},"end":{"line":116,"column":60}},"38":{"start":{"line":118,"column":8},"end":{"line":122,"column":9}},"39":{"start":{"line":119,"column":12},"end":{"line":121,"column":13}},"40":{"start":{"line":124,"column":23},"end":{"line":124,"column":51}},"41":{"start":{"line":126,"column":8},"end":{"line":132,"column":10}},"42":{"start":{"line":130,"column":16},"end":{"line":130,"column":52}},"43":{"start":{"line":139,"column":27},"end":{"line":139,"column":52}},"44":{"start":{"line":141,"column":8},"end":{"line":143,"column":9}},"45":{"start":{"line":142,"column":12},"end":{"line":142,"column":54}},"46":{"start":{"line":145,"column":8},"end":{"line":145,"column":34}},"47":{"start":{"line":146,"column":8},"end":{"line":146,"column":34}},"48":{"start":{"line":147,"column":8},"end":{"line":151,"column":9}},"49":{"start":{"line":148,"column":12},"end":{"line":148,"column":20}},"50":{"start":{"line":150,"column":12},"end":{"line":150,"column":29}},"51":{"start":{"line":155,"column":0},"end":{"line":155,"column":24}}},"fnMap":{"0":{"name":"(anonymous_0)","decl":{"start":{"line":16,"column":4},"end":{"line":16,"column":15}},"loc":{"start":{"line":16,"column":42},"end":{"line":41,"column":5}}},"1":{"name":"(anonymous_1)","decl":{"start":{"line":32,"column":16},"end":{"line":32,"column":17}},"loc":{"start":{"line":32,"column":37},"end":{"line":38,"column":17}}},"2":{"name":"(anonymous_2)","decl":{"start":{"line":43,"column":11},"end":{"line":43,"column":15}},"loc":{"start":{"line":44,"column":26},"end":{"line":64,"column":5}}},"3":{"name":"(anonymous_3)","decl":{"start":{"line":66,"column":11},"end":{"line":66,"column":20}},"loc":{"start":{"line":67,"column":22},"end":{"line":89,"column":5}}},"4":{"name":"(anonymous_4)","decl":{"start":{"line":91,"column":11},"end":{"line":91,"column":19}},"loc":{"start":{"line":91,"column":52},"end":{"line":107,"column":5}}},"5":{"name":"(anonymous_5)","decl":{"start":{"line":100,"column":25},"end":{"line":100,"column":26}},"loc":{"start":{"line":100,"column":34},"end":{"line":104,"column":9}}},"6":{"name":"(anonymous_6)","decl":{"start":{"line":109,"column":4},"end":{"line":109,"column":14}},"loc":{"start":{"line":109,"column":22},"end":{"line":111,"column":5}}},"7":{"name":"(anonymous_7)","decl":{"start":{"line":113,"column":12},"end":{"line":113,"column":30}},"loc":{"start":{"line":114,"column":23},"end":{"line":133,"column":5}}},"8":{"name":"(anonymous_8)","decl":{"start":{"line":129,"column":12},"end":{"line":129,"column":13}},"loc":{"start":{"line":129,"column":50},"end":{"line":131,"column":13}}},"9":{"name":"(anonymous_9)","decl":{"start":{"line":135,"column":12},"end":{"line":135,"column":26}},"loc":{"start":{"line":137,"column":25},"end":{"line":152,"column":5}}}},"branchMap":{"0":{"loc":{"start":{"line":20,"column":21},"end":{"line":20,"column":35}},"type":"binary-expr","locations":[{"start":{"line":20,"column":21},"end":{"line":20,"column":35}},{"start":{"line":20,"column":39},"end":{"line":20,"column":48}}]},"1":{"loc":{"start":{"line":29,"column":8},"end":{"line":29,"column":21}},"type":"binary-expr","locations":[{"start":{"line":29,"column":8},"end":{"line":29,"column":21}},{"start":{"line":30,"column":15},"end":{"line":40,"column":13}}]},"2":{"loc":{"start":{"line":46,"column":8},"end":{"line":52,"column":9}},"type":"if","locations":[{"start":{"line":46,"column":8},"end":{"line":52,"column":9}},{"start":{"line":46,"column":8},"end":{"line":52,"column":9}}]},"3":{"loc":{"start":{"line":46,"column":12},"end":{"line":46,"column":22}},"type":"binary-expr","locations":[{"start":{"line":46,"column":12},"end":{"line":46,"column":22}},{"start":{"line":46,"column":26},"end":{"line":46,"column":44}}]},"4":{"loc":{"start":{"line":53,"column":22},"end":{"line":53,"column":31}},"type":"binary-expr","locations":[{"start":{"line":53,"column":22},"end":{"line":53,"column":31}},{"start":{"line":53,"column":35},"end":{"line":53,"column":52}}]},"5":{"loc":{"start":{"line":54,"column":8},"end":{"line":59,"column":9}},"type":"if","locations":[{"start":{"line":54,"column":8},"end":{"line":59,"column":9}},{"start":{"line":54,"column":8},"end":{"line":59,"column":9}}]},"6":{"loc":{"start":{"line":72,"column":12},"end":{"line":72,"column":38}},"type":"binary-expr","locations":[{"start":{"line":72,"column":12},"end":{"line":72,"column":38}},{"start":{"line":73,"column":20},"end":{"line":73,"column":35}},{"start":{"line":74,"column":19},"end":{"line":74,"column":51}}]},"7":{"loc":{"start":{"line":76,"column":12},"end":{"line":76,"column":19}},"type":"binary-expr","locations":[{"start":{"line":76,"column":12},"end":{"line":76,"column":19}},{"start":{"line":77,"column":19},"end":{"line":77,"column":46}},{"start":{"line":78,"column":20},"end":{"line":78,"column":35}},{"start":{"line":79,"column":19},"end":{"line":79,"column":45}}]},"8":{"loc":{"start":{"line":81,"column":12},"end":{"line":81,"column":21}},"type":"binary-expr","locations":[{"start":{"line":81,"column":12},"end":{"line":81,"column":21}},{"start":{"line":81,"column":25},"end":{"line":83,"column":14}}]},"9":{"loc":{"start":{"line":93,"column":8},"end":{"line":96,"column":9}},"type":"if","locations":[{"start":{"line":93,"column":8},"end":{"line":96,"column":9}},{"start":{"line":93,"column":8},"end":{"line":96,"column":9}}]},"10":{"loc":{"start":{"line":93,"column":12},"end":{"line":93,"column":18}},"type":"binary-expr","locations":[{"start":{"line":93,"column":12},"end":{"line":93,"column":18}},{"start":{"line":93,"column":22},"end":{"line":93,"column":35}}]},"11":{"loc":{"start":{"line":101,"column":12},"end":{"line":103,"column":13}},"type":"if","locations":[{"start":{"line":101,"column":12},"end":{"line":103,"column":13}},{"start":{"line":101,"column":12},"end":{"line":103,"column":13}}]},"12":{"loc":{"start":{"line":101,"column":16},"end":{"line":101,"column":23}},"type":"binary-expr","locations":[{"start":{"line":101,"column":16},"end":{"line":101,"column":23}},{"start":{"line":101,"column":28},"end":{"line":101,"column":33}},{"start":{"line":101,"column":37},"end":{"line":101,"column":54}}]},"13":{"loc":{"start":{"line":118,"column":8},"end":{"line":122,"column":9}},"type":"if","locations":[{"start":{"line":118,"column":8},"end":{"line":122,"column":9}},{"start":{"line":118,"column":8},"end":{"line":122,"column":9}}]},"14":{"loc":{"start":{"line":141,"column":8},"end":{"line":143,"column":9}},"type":"if","locations":[{"start":{"line":141,"column":8},"end":{"line":143,"column":9}},{"start":{"line":141,"column":8},"end":{"line":143,"column":9}}]}},"s":{"0":1,"1":1,"2":1,"3":3,"4":3,"5":3,"6":3,"7":3,"8":3,"9":6,"10":6,"11":2,"12":0,"13":0,"14":2,"15":2,"16":1,"17":1,"18":1,"19":1,"20":2,"21":2,"22":2,"23":2,"24":2,"25":0,"26":2,"27":1,"28":1,"29":1,"30":1,"31":1,"32":1,"33":3,"34":3,"35":1,"36":2,"37":2,"38":2,"39":0,"40":2,"41":2,"42":2,"43":2,"44":2,"45":0,"46":2,"47":2,"48":2,"49":2,"50":2,"51":1},"f":{"0":3,"1":6,"2":2,"3":2,"4":1,"5":3,"6":2,"7":2,"8":2,"9":2},"b":{"0":[3,3],"1":[3,3],"2":[0,2],"3":[2,1],"4":[2,1],"5":[1,1],"6":[2,2,2],"7":[2,0,0,0],"8":[2,0],"9":[1,0],"10":[1,0],"11":[3,0],"12":[3,0,0],"13":[0,2],"14":[0,2]}}
,"/Users/luxin/Develop/toy/windmill-fsm/src/stateNode.ts": {"path":"/Users/luxin/Develop/toy/windmill-fsm/src/stateNode.ts","statementMap":{"0":{"start":{"line":1,"column":0},"end":{"line":3,"column":20}},"1":{"start":{"line":10,"column":0},"end":{"line":13,"column":16}},"2":{"start":{"line":29,"column":8},"end":{"line":29,"column":60}},"3":{"start":{"line":30,"column":8},"end":{"line":30,"column":36}},"4":{"start":{"line":31,"column":8},"end":{"line":31,"column":83}},"5":{"start":{"line":32,"column":8},"end":{"line":32,"column":74}},"6":{"start":{"line":33,"column":8},"end":{"line":35,"column":15}},"7":{"start":{"line":37,"column":8},"end":{"line":37,"column":53}},"8":{"start":{"line":39,"column":8},"end":{"line":39,"column":79}},"9":{"start":{"line":40,"column":8},"end":{"line":40,"column":77}},"10":{"start":{"line":41,"column":8},"end":{"line":41,"column":45}},"11":{"start":{"line":42,"column":8},"end":{"line":42,"column":29}},"12":{"start":{"line":48,"column":28},"end":{"line":48,"column":32}},"13":{"start":{"line":50,"column":24},"end":{"line":50,"column":52}},"14":{"start":{"line":52,"column":8},"end":{"line":57,"column":9}},"15":{"start":{"line":53,"column":12},"end":{"line":56,"column":15}},"16":{"start":{"line":59,"column":8},"end":{"line":61,"column":11}},"17":{"start":{"line":60,"column":12},"end":{"line":60,"column":43}},"18":{"start":{"line":63,"column":27},"end":{"line":63,"column":52}},"19":{"start":{"line":64,"column":22},"end":{"line":64,"column":43}},"20":{"start":{"line":66,"column":8},"end":{"line":66,"column":21}},"21":{"start":{"line":70,"column":54},"end":{"line":70,"column":58}},"22":{"start":{"line":71,"column":23},"end":{"line":71,"column":41}},"23":{"start":{"line":72,"column":22},"end":{"line":72,"column":39}},"24":{"start":{"line":74,"column":8},"end":{"line":76,"column":11}},"25":{"start":{"line":75,"column":12},"end":{"line":75,"column":70}},"26":{"start":{"line":78,"column":8},"end":{"line":80,"column":11}},"27":{"start":{"line":79,"column":12},"end":{"line":79,"column":68}},"28":{"start":{"line":88,"column":8},"end":{"line":94,"column":9}},"29":{"start":{"line":89,"column":12},"end":{"line":91,"column":15}},"30":{"start":{"line":90,"column":16},"end":{"line":90,"column":33}},"31":{"start":{"line":93,"column":12},"end":{"line":93,"column":29}},"32":{"start":{"line":96,"column":8},"end":{"line":101,"column":9}},"33":{"start":{"line":97,"column":12},"end":{"line":99,"column":15}},"34":{"start":{"line":98,"column":16},"end":{"line":98,"column":40}},"35":{"start":{"line":100,"column":12},"end":{"line":100,"column":19}},"36":{"start":{"line":103,"column":8},"end":{"line":103,"column":50}},"37":{"start":{"line":107,"column":8},"end":{"line":109,"column":11}},"38":{"start":{"line":108,"column":12},"end":{"line":108,"column":25}},"39":{"start":{"line":114,"column":8},"end":{"line":114,"column":24}},"40":{"start":{"line":118,"column":8},"end":{"line":118,"column":28}},"41":{"start":{"line":122,"column":8},"end":{"line":122,"column":23}},"42":{"start":{"line":126,"column":8},"end":{"line":126,"column":27}},"43":{"start":{"line":15,"column":0},"end":{"line":129,"column":1}}},"fnMap":{"0":{"name":"(anonymous_0)","decl":{"start":{"line":28,"column":4},"end":{"line":28,"column":15}},"loc":{"start":{"line":28,"column":42},"end":{"line":43,"column":5}}},"1":{"name":"(anonymous_1)","decl":{"start":{"line":45,"column":11},"end":{"line":45,"column":23}},"loc":{"start":{"line":46,"column":23},"end":{"line":67,"column":5}}},"2":{"name":"(anonymous_2)","decl":{"start":{"line":59,"column":34},"end":{"line":59,"column":35}},"loc":{"start":{"line":59,"column":38},"end":{"line":61,"column":9}}},"3":{"name":"(anonymous_3)","decl":{"start":{"line":69,"column":11},"end":{"line":69,"column":19}},"loc":{"start":{"line":69,"column":34},"end":{"line":81,"column":5}}},"4":{"name":"(anonymous_4)","decl":{"start":{"line":74,"column":23},"end":{"line":74,"column":24}},"loc":{"start":{"line":74,"column":27},"end":{"line":76,"column":9}}},"5":{"name":"(anonymous_5)","decl":{"start":{"line":78,"column":22},"end":{"line":78,"column":23}},"loc":{"start":{"line":78,"column":26},"end":{"line":80,"column":9}}},"6":{"name":"(anonymous_6)","decl":{"start":{"line":83,"column":11},"end":{"line":83,"column":20}},"loc":{"start":{"line":86,"column":52},"end":{"line":104,"column":5}}},"7":{"name":"(anonymous_7)","decl":{"start":{"line":89,"column":42},"end":{"line":89,"column":46}},"loc":{"start":{"line":89,"column":50},"end":{"line":91,"column":13}}},"8":{"name":"(anonymous_8)","decl":{"start":{"line":97,"column":22},"end":{"line":97,"column":24}},"loc":{"start":{"line":97,"column":27},"end":{"line":99,"column":13}}},"9":{"name":"(anonymous_9)","decl":{"start":{"line":106,"column":12},"end":{"line":106,"column":22}},"loc":{"start":{"line":106,"column":38},"end":{"line":110,"column":5}}},"10":{"name":"(anonymous_10)","decl":{"start":{"line":107,"column":37},"end":{"line":107,"column":41}},"loc":{"start":{"line":107,"column":45},"end":{"line":109,"column":9}}},"11":{"name":"(anonymous_11)","decl":{"start":{"line":113,"column":4},"end":{"line":113,"column":14}},"loc":{"start":{"line":113,"column":21},"end":{"line":115,"column":5}}},"12":{"name":"(anonymous_12)","decl":{"start":{"line":117,"column":4},"end":{"line":117,"column":14}},"loc":{"start":{"line":117,"column":25},"end":{"line":119,"column":5}}},"13":{"name":"(anonymous_13)","decl":{"start":{"line":121,"column":4},"end":{"line":121,"column":14}},"loc":{"start":{"line":121,"column":20},"end":{"line":123,"column":5}}},"14":{"name":"(anonymous_14)","decl":{"start":{"line":125,"column":4},"end":{"line":125,"column":14}},"loc":{"start":{"line":125,"column":24},"end":{"line":127,"column":5}}}},"branchMap":{"0":{"loc":{"start":{"line":29,"column":19},"end":{"line":29,"column":29}},"type":"binary-expr","locations":[{"start":{"line":29,"column":19},"end":{"line":29,"column":29}},{"start":{"line":29,"column":33},"end":{"line":29,"column":44}},{"start":{"line":29,"column":48},"end":{"line":29,"column":59}}]},"1":{"loc":{"start":{"line":31,"column":35},"end":{"line":31,"column":69}},"type":"cond-expr","locations":[{"start":{"line":31,"column":35},"end":{"line":31,"column":69}},{"start":{"line":31,"column":72},"end":{"line":31,"column":82}}]},"2":{"loc":{"start":{"line":32,"column":25},"end":{"line":32,"column":32}},"type":"binary-expr","locations":[{"start":{"line":32,"column":25},"end":{"line":32,"column":32}},{"start":{"line":32,"column":36},"end":{"line":32,"column":52}},{"start":{"line":32,"column":57},"end":{"line":32,"column":73}}]},"3":{"loc":{"start":{"line":34,"column":12},"end":{"line":34,"column":42}},"type":"cond-expr","locations":[{"start":{"line":34,"column":12},"end":{"line":34,"column":42}},{"start":{"line":35,"column":12},"end":{"line":35,"column":14}}]},"4":{"loc":{"start":{"line":37,"column":25},"end":{"line":37,"column":34}},"type":"binary-expr","locations":[{"start":{"line":37,"column":25},"end":{"line":37,"column":34}},{"start":{"line":37,"column":38},"end":{"line":37,"column":51}}]},"5":{"loc":{"start":{"line":50,"column":24},"end":{"line":50,"column":38}},"type":"binary-expr","locations":[{"start":{"line":50,"column":24},"end":{"line":50,"column":38}},{"start":{"line":50,"column":42},"end":{"line":50,"column":52}}]},"6":{"loc":{"start":{"line":52,"column":8},"end":{"line":57,"column":9}},"type":"if","locations":[{"start":{"line":52,"column":8},"end":{"line":57,"column":9}},{"start":{"line":52,"column":8},"end":{"line":57,"column":9}}]},"7":{"loc":{"start":{"line":59,"column":8},"end":{"line":59,"column":14}},"type":"binary-expr","locations":[{"start":{"line":59,"column":8},"end":{"line":59,"column":14}},{"start":{"line":59,"column":18},"end":{"line":61,"column":10}}]},"8":{"loc":{"start":{"line":60,"column":12},"end":{"line":60,"column":21}},"type":"binary-expr","locations":[{"start":{"line":60,"column":12},"end":{"line":60,"column":21}},{"start":{"line":60,"column":27},"end":{"line":60,"column":40}}]},"9":{"loc":{"start":{"line":71,"column":23},"end":{"line":71,"column":35}},"type":"binary-expr","locations":[{"start":{"line":71,"column":23},"end":{"line":71,"column":35}},{"start":{"line":71,"column":39},"end":{"line":71,"column":41}}]},"10":{"loc":{"start":{"line":72,"column":22},"end":{"line":72,"column":33}},"type":"binary-expr","locations":[{"start":{"line":72,"column":22},"end":{"line":72,"column":33}},{"start":{"line":72,"column":37},"end":{"line":72,"column":39}}]},"11":{"loc":{"start":{"line":75,"column":12},"end":{"line":75,"column":41}},"type":"binary-expr","locations":[{"start":{"line":75,"column":12},"end":{"line":75,"column":41}},{"start":{"line":75,"column":45},"end":{"line":75,"column":69}}]},"12":{"loc":{"start":{"line":79,"column":12},"end":{"line":79,"column":40}},"type":"binary-expr","locations":[{"start":{"line":79,"column":12},"end":{"line":79,"column":40}},{"start":{"line":79,"column":44},"end":{"line":79,"column":67}}]},"13":{"loc":{"start":{"line":90,"column":16},"end":{"line":90,"column":21}},"type":"binary-expr","locations":[{"start":{"line":90,"column":16},"end":{"line":90,"column":21}},{"start":{"line":90,"column":25},"end":{"line":90,"column":32}}]},"14":{"loc":{"start":{"line":96,"column":8},"end":{"line":101,"column":9}},"type":"if","locations":[{"start":{"line":96,"column":8},"end":{"line":101,"column":9}},{"start":{"line":96,"column":8},"end":{"line":101,"column":9}}]}},"s":{"0":2,"1":2,"2":12,"3":12,"4":12,"5":12,"6":12,"7":12,"8":12,"9":12,"10":12,"11":12,"12":2,"13":2,"14":2,"15":0,"16":2,"17":3,"18":2,"19":2,"20":2,"21":3,"22":3,"23":3,"24":3,"25":3,"26":3,"27":3,"28":2,"29":2,"30":2,"31":2,"32":2,"33":2,"34":2,"35":2,"36":0,"37":2,"38":2,"39":5,"40":3,"41":2,"42":1,"43":2},"f":{"0":12,"1":2,"2":3,"3":3,"4":3,"5":3,"6":2,"7":2,"8":2,"9":2,"10":2,"11":5,"12":3,"13":2,"14":1},"b":{"0":[12,5,2],"1":[7,5],"2":[12,0,12],"3":[12,0],"4":[12,7],"5":[2,2],"6":[0,2],"7":[2,2],"8":[3,1],"9":[3,0],"10":[3,0],"11":[3,3],"12":[3,3],"13":[2,2],"14":[2,0]}}
,"/Users/luxin/Develop/toy/windmill-fsm/src/utils.ts": {"path":"/Users/luxin/Develop/toy/windmill-fsm/src/utils.ts","statementMap":{"0":{"start":{"line":6,"column":4},"end":{"line":6,"column":38}},"1":{"start":{"line":6,"column":19},"end":{"line":6,"column":36}},"2":{"start":{"line":8,"column":17},"end":{"line":8,"column":36}},"3":{"start":{"line":10,"column":4},"end":{"line":12,"column":5}},"4":{"start":{"line":11,"column":8},"end":{"line":11,"column":25}},"5":{"start":{"line":14,"column":4},"end":{"line":17,"column":7}},"6":{"start":{"line":19,"column":19},"end":{"line":19,"column":28}},"7":{"start":{"line":21,"column":4},"end":{"line":21,"column":12}},"8":{"start":{"line":25,"column":4},"end":{"line":39,"column":10}},"9":{"start":{"line":27,"column":12},"end":{"line":27,"column":39}},"10":{"start":{"line":28,"column":12},"end":{"line":31,"column":16}},"11":{"start":{"line":32,"column":12},"end":{"line":38,"column":13}},"12":{"start":{"line":33,"column":16},"end":{"line":37,"column":18}},"13":{"start":{"line":41,"column":4},"end":{"line":41,"column":18}},"14":{"start":{"line":1,"column":0},"end":{"line":42,"column":1}},"15":{"start":{"line":45,"column":4},"end":{"line":47,"column":5}},"16":{"start":{"line":46,"column":8},"end":{"line":46,"column":21}},"17":{"start":{"line":48,"column":4},"end":{"line":50,"column":5}},"18":{"start":{"line":49,"column":8},"end":{"line":49,"column":18}},"19":{"start":{"line":51,"column":4},"end":{"line":51,"column":19}},"20":{"start":{"line":44,"column":0},"end":{"line":52,"column":1}},"21":{"start":{"line":55,"column":4},"end":{"line":57,"column":5}},"22":{"start":{"line":56,"column":8},"end":{"line":56,"column":18}},"23":{"start":{"line":58,"column":14},"end":{"line":58,"column":16}},"24":{"start":{"line":59,"column":4},"end":{"line":63,"column":7}},"25":{"start":{"line":60,"column":20},"end":{"line":60,"column":22}},"26":{"start":{"line":61,"column":8},"end":{"line":61,"column":26}},"27":{"start":{"line":62,"column":8},"end":{"line":62,"column":19}},"28":{"start":{"line":65,"column":4},"end":{"line":65,"column":15}},"29":{"start":{"line":54,"column":0},"end":{"line":66,"column":1}}},"fnMap":{"0":{"name":"iterateState","decl":{"start":{"line":1,"column":16},"end":{"line":1,"column":28}},"loc":{"start":{"line":4,"column":17},"end":{"line":42,"column":1}}},"1":{"name":"(anonymous_1)","decl":{"start":{"line":26,"column":17},"end":{"line":26,"column":18}},"loc":{"start":{"line":26,"column":28},"end":{"line":39,"column":9}}},"2":{"name":"toArray","decl":{"start":{"line":44,"column":16},"end":{"line":44,"column":23}},"loc":{"start":{"line":44,"column":53},"end":{"line":52,"column":1}}},"3":{"name":"ObjToArray","decl":{"start":{"line":54,"column":16},"end":{"line":54,"column":26}},"loc":{"start":{"line":54,"column":52},"end":{"line":66,"column":1}}},"4":{"name":"(anonymous_4)","decl":{"start":{"line":59,"column":33},"end":{"line":59,"column":34}},"loc":{"start":{"line":59,"column":37},"end":{"line":63,"column":5}}}},"branchMap":{"0":{"loc":{"start":{"line":6,"column":4},"end":{"line":6,"column":38}},"type":"if","locations":[{"start":{"line":6,"column":4},"end":{"line":6,"column":38}},{"start":{"line":6,"column":4},"end":{"line":6,"column":38}}]},"1":{"loc":{"start":{"line":10,"column":4},"end":{"line":12,"column":5}},"type":"if","locations":[{"start":{"line":10,"column":4},"end":{"line":12,"column":5}},{"start":{"line":10,"column":4},"end":{"line":12,"column":5}}]},"2":{"loc":{"start":{"line":10,"column":10},"end":{"line":10,"column":16}},"type":"binary-expr","locations":[{"start":{"line":10,"column":10},"end":{"line":10,"column":16}},{"start":{"line":10,"column":20},"end":{"line":10,"column":24}},{"start":{"line":10,"column":28},"end":{"line":10,"column":39}}]},"3":{"loc":{"start":{"line":14,"column":4},"end":{"line":14,"column":14}},"type":"binary-expr","locations":[{"start":{"line":14,"column":4},"end":{"line":14,"column":14}},{"start":{"line":14,"column":18},"end":{"line":17,"column":6}}]},"4":{"loc":{"start":{"line":32,"column":12},"end":{"line":38,"column":13}},"type":"if","locations":[{"start":{"line":32,"column":12},"end":{"line":38,"column":13}},{"start":{"line":32,"column":12},"end":{"line":38,"column":13}}]},"5":{"loc":{"start":{"line":32,"column":16},"end":{"line":32,"column":28}},"type":"binary-expr","locations":[{"start":{"line":32,"column":16},"end":{"line":32,"column":28}},{"start":{"line":32,"column":32},"end":{"line":32,"column":51}},{"start":{"line":32,"column":55},"end":{"line":32,"column":94}}]},"6":{"loc":{"start":{"line":45,"column":4},"end":{"line":47,"column":5}},"type":"if","locations":[{"start":{"line":45,"column":4},"end":{"line":47,"column":5}},{"start":{"line":45,"column":4},"end":{"line":47,"column":5}}]},"7":{"loc":{"start":{"line":48,"column":4},"end":{"line":50,"column":5}},"type":"if","locations":[{"start":{"line":48,"column":4},"end":{"line":50,"column":5}},{"start":{"line":48,"column":4},"end":{"line":50,"column":5}}]},"8":{"loc":{"start":{"line":55,"column":4},"end":{"line":57,"column":5}},"type":"if","locations":[{"start":{"line":55,"column":4},"end":{"line":57,"column":5}},{"start":{"line":55,"column":4},"end":{"line":57,"column":5}}]}},"s":{"0":5,"1":0,"2":5,"3":5,"4":1,"5":4,"6":4,"7":4,"8":4,"9":6,"10":6,"11":6,"12":2,"13":4,"14":3,"15":26,"16":1,"17":25,"18":24,"19":1,"20":3,"21":12,"22":5,"23":7,"24":7,"25":9,"26":9,"27":9,"28":7,"29":3},"f":{"0":5,"1":6,"2":26,"3":12,"4":9},"b":{"0":[0,5],"1":[1,4],"2":[5,5,5],"3":[4,0],"4":[2,4],"5":[6,6,2],"6":[1,25],"7":[24,1],"8":[5,7]}}
}
