TN:
SF:/Users/luxin/Develop/toy/windmill-fsm/src/constants.ts
FNF:0
FNH:0
DA:1,2
DA:3,2
LF:2
LH:2
BRF:0
BRH:0
end_of_record
TN:
SF:/Users/luxin/Develop/toy/windmill-fsm/src/error.ts
FN:2,(anonymous_0)
FN:12,(anonymous_1)
FNF:2
FNH:2
FNDA:2,(anonymous_0)
FNDA:1,(anonymous_1)
DA:1,2
DA:3,2
DA:5,2
DA:7,2
DA:11,2
DA:13,1
DA:15,1
DA:17,1
DA:19,1
LF:9
LH:9
BRF:0
BRH:0
end_of_record
TN:
SF:/Users/luxin/Develop/toy/windmill-fsm/src/index.ts
FN:16,(anonymous_0)
FN:32,(anonymous_1)
FN:44,(anonymous_2)
FN:67,(anonymous_3)
FN:92,(anonymous_4)
FN:101,(anonymous_5)
FN:110,(anonymous_6)
FN:123,(anonymous_7)
FN:127,(anonymous_8)
FN:143,(anonymous_9)
FN:159,(anonymous_10)
FN:165,(anonymous_11)
FNF:12
FNH:10
FNDA:3,(anonymous_0)
FNDA:6,(anonymous_1)
FNDA:2,(anonymous_2)
FNDA:2,(anonymous_3)
FNDA:1,(anonymous_4)
FNDA:3,(anonymous_5)
FNDA:0,(anonymous_6)
FNDA:2,(anonymous_7)
FNDA:0,(anonymous_8)
FNDA:2,(anonymous_9)
FNDA:1,(anonymous_10)
FNDA:1,(anonymous_11)
DA:1,1
DA:2,1
DA:4,1
DA:17,3
DA:19,3
DA:24,3
DA:25,3
DA:28,3
DA:29,3
DA:33,6
DA:36,6
DA:37,6
DA:47,2
DA:48,0
DA:52,0
DA:54,2
DA:55,2
DA:56,1
DA:62,1
DA:63,1
DA:64,1
DA:70,2
DA:71,2
DA:73,2
DA:77,1
DA:82,1
DA:86,1
DA:89,2
DA:93,1
DA:94,1
DA:95,1
DA:96,1
DA:99,1
DA:101,1
DA:102,3
DA:103,3
DA:107,1
DA:113,0
DA:114,0
DA:115,0
DA:118,0
DA:120,0
DA:124,2
DA:130,0
DA:132,0
DA:134,0
DA:136,0
DA:138,0
DA:140,0
DA:146,2
DA:148,1
DA:149,0
DA:154,1
DA:156,1
DA:160,1
DA:169,1
DA:171,1
DA:172,0
DA:175,1
DA:176,1
DA:177,1
DA:178,1
DA:180,1
DA:185,1
LF:64
LH:49
BRDA:20,0,0,3
BRDA:20,0,1,3
BRDA:29,1,0,3
BRDA:29,1,1,3
BRDA:47,2,0,0
BRDA:47,2,1,2
BRDA:47,3,0,2
BRDA:47,3,1,1
BRDA:54,4,0,2
BRDA:54,4,1,1
BRDA:55,5,0,1
BRDA:55,5,1,1
BRDA:73,6,0,2
BRDA:73,6,1,2
BRDA:73,6,2,2
BRDA:77,7,0,1
BRDA:77,7,1,0
BRDA:77,7,2,0
BRDA:77,7,3,0
BRDA:82,8,0,1
BRDA:82,8,1,0
BRDA:94,9,0,1
BRDA:94,9,1,0
BRDA:94,10,0,1
BRDA:94,10,1,0
BRDA:102,11,0,3
BRDA:102,11,1,0
BRDA:102,12,0,3
BRDA:102,12,1,0
BRDA:102,12,2,0
BRDA:114,13,0,0
BRDA:114,13,1,0
BRDA:118,14,0,0
BRDA:118,14,1,0
BRDA:120,15,0,0
BRDA:120,15,1,0
BRDA:148,16,0,0
BRDA:148,16,1,1
BRDA:171,17,0,0
BRDA:171,17,1,1
BRF:40
BRH:22
end_of_record
TN:
SF:/Users/luxin/Develop/toy/windmill-fsm/src/stateNode.ts
FN:29,(anonymous_0)
FN:46,(anonymous_1)
FN:53,(anonymous_2)
FN:77,(anonymous_3)
FN:82,(anonymous_4)
FN:86,(anonymous_5)
FN:91,(anonymous_6)
FN:97,(anonymous_7)
FN:105,(anonymous_8)
FN:114,(anonymous_9)
FN:124,(anonymous_10)
FN:132,(anonymous_11)
FN:133,(anonymous_12)
FN:139,(anonymous_13)
FN:143,(anonymous_14)
FN:147,(anonymous_15)
FN:151,(anonymous_16)
FN:155,(anonymous_17)
FNF:18
FNH:16
FNDA:12,(anonymous_0)
FNDA:2,(anonymous_1)
FNDA:3,(anonymous_2)
FNDA:3,(anonymous_3)
FNDA:3,(anonymous_4)
FNDA:3,(anonymous_5)
FNDA:1,(anonymous_6)
FNDA:1,(anonymous_7)
FNDA:1,(anonymous_8)
FNDA:0,(anonymous_9)
FNDA:0,(anonymous_10)
FNDA:1,(anonymous_11)
FNDA:1,(anonymous_12)
FNDA:23,(anonymous_13)
FNDA:3,(anonymous_14)
FNDA:2,(anonymous_15)
FNDA:1,(anonymous_16)
FNDA:7,(anonymous_17)
DA:1,2
DA:11,2
DA:16,2
DA:30,12
DA:31,12
DA:32,12
DA:33,12
DA:34,12
DA:40,12
DA:41,12
DA:42,12
DA:49,2
DA:51,2
DA:53,2
DA:54,3
DA:57,2
DA:58,1
DA:59,1
DA:64,0
DA:71,1
DA:72,1
DA:74,1
DA:78,3
DA:79,3
DA:80,3
DA:82,3
DA:83,3
DA:86,3
DA:87,3
DA:96,1
DA:97,1
DA:98,1
DA:101,1
DA:104,1
DA:105,1
DA:106,1
DA:108,1
DA:111,0
DA:117,0
DA:119,0
DA:121,0
DA:123,0
DA:124,0
DA:125,0
DA:128,0
DA:133,1
DA:134,1
DA:140,23
DA:144,3
DA:148,2
DA:152,1
DA:156,7
LF:52
LH:43
BRDA:30,0,0,12
BRDA:30,0,1,5
BRDA:30,0,2,2
BRDA:32,1,0,7
BRDA:32,1,1,5
BRDA:33,2,0,12
BRDA:33,2,1,0
BRDA:33,2,2,12
BRDA:35,3,0,12
BRDA:35,3,1,0
BRDA:51,4,0,2
BRDA:51,4,1,0
BRDA:51,4,2,0
BRDA:53,5,0,2
BRDA:53,5,1,2
BRDA:54,6,0,3
BRDA:54,6,1,1
BRDA:57,7,0,1
BRDA:57,7,1,1
BRDA:58,8,0,1
BRDA:58,8,1,0
BRDA:79,9,0,3
BRDA:79,9,1,0
BRDA:80,10,0,3
BRDA:80,10,1,0
BRDA:83,11,0,3
BRDA:83,11,1,3
BRDA:87,12,0,3
BRDA:87,12,1,3
BRDA:98,13,0,1
BRDA:98,13,1,1
BRDA:104,14,0,1
BRDA:104,14,1,0
BRDA:119,15,0,0
BRDA:119,15,1,0
BRDA:125,16,0,0
BRDA:125,16,1,0
BRF:37
BRH:25
end_of_record
TN:
SF:/Users/luxin/Develop/toy/windmill-fsm/src/utils.ts
FN:3,iterateState
FN:29,(anonymous_1)
FN:47,toArray
FN:57,ObjToArray
FN:62,(anonymous_4)
FNF:5
FNH:5
FNDA:5,iterateState
FNDA:6,(anonymous_1)
FNDA:26,toArray
FNDA:12,ObjToArray
FNDA:9,(anonymous_4)
DA:3,3
DA:9,5
DA:10,2
DA:12,2
DA:14,2
DA:15,0
DA:19,5
DA:24,5
DA:28,5
DA:30,6
DA:31,6
DA:36,6
DA:37,2
DA:47,3
DA:48,26
DA:49,1
DA:51,25
DA:52,24
DA:54,1
DA:57,3
DA:58,12
DA:59,5
DA:61,7
DA:62,7
DA:63,9
DA:64,9
DA:65,9
DA:68,7
LF:28
LH:27
BRDA:9,0,0,2
BRDA:9,0,1,3
BRDA:10,1,0,0
BRDA:10,1,1,2
BRDA:14,2,0,0
BRDA:14,2,1,2
BRDA:14,3,0,2
BRDA:14,3,1,2
BRDA:14,3,2,2
BRDA:19,4,0,5
BRDA:19,4,1,0
BRDA:36,5,0,2
BRDA:36,5,1,4
BRDA:36,6,0,6
BRDA:36,6,1,6
BRDA:36,6,2,2
BRDA:48,7,0,1
BRDA:48,7,1,25
BRDA:51,8,0,24
BRDA:51,8,1,1
BRDA:58,9,0,5
BRDA:58,9,1,7
BRF:22
BRH:19
end_of_record
