TN:
SF:/Users/luxin/Develop/toy/windmill-fsm/src/constants.ts
FNF:0
FNH:0
DA:1,2
LF:1
LH:1
BRF:0
BRH:0
end_of_record
TN:
SF:/Users/luxin/Develop/toy/windmill-fsm/src/error.ts
FN:2,(anonymous_0)
FN:12,(anonymous_1)
FNF:2
FNH:2
FNDA:2,(anonymous_0)
FNDA:1,(anonymous_1)
DA:1,2
DA:3,2
DA:5,2
DA:7,2
DA:11,2
DA:13,1
DA:15,1
DA:17,1
DA:19,1
LF:9
LH:9
BRF:0
BRH:0
end_of_record
TN:
SF:/Users/luxin/Develop/toy/windmill-fsm/src/index.ts
FN:16,(anonymous_0)
FN:32,(anonymous_1)
FN:43,(anonymous_2)
FN:66,(anonymous_3)
FN:91,(anonymous_4)
FN:100,(anonymous_5)
FN:109,(anonymous_6)
FN:113,(anonymous_7)
FN:129,(anonymous_8)
FN:135,(anonymous_9)
FNF:10
FNH:10
FNDA:3,(anonymous_0)
FNDA:6,(anonymous_1)
FNDA:2,(anonymous_2)
FNDA:2,(anonymous_3)
FNDA:1,(anonymous_4)
FNDA:3,(anonymous_5)
FNDA:2,(anonymous_6)
FNDA:2,(anonymous_7)
FNDA:2,(anonymous_8)
FNDA:2,(anonymous_9)
DA:1,1
DA:2,1
DA:4,1
DA:17,3
DA:19,3
DA:24,3
DA:25,3
DA:28,3
DA:29,3
DA:33,6
DA:37,6
DA:46,2
DA:47,0
DA:51,0
DA:53,2
DA:54,2
DA:55,1
DA:61,1
DA:62,1
DA:63,1
DA:69,2
DA:70,2
DA:72,2
DA:76,2
DA:81,2
DA:85,0
DA:88,2
DA:92,1
DA:93,1
DA:94,1
DA:95,1
DA:98,1
DA:100,1
DA:101,3
DA:102,3
DA:106,1
DA:110,2
DA:116,2
DA:118,2
DA:119,0
DA:124,2
DA:126,2
DA:130,2
DA:139,2
DA:141,2
DA:142,0
DA:145,2
DA:146,2
DA:147,2
DA:148,2
DA:150,2
DA:155,1
LF:52
LH:47
BRDA:20,0,0,3
BRDA:20,0,1,3
BRDA:29,1,0,3
BRDA:29,1,1,3
BRDA:46,2,0,0
BRDA:46,2,1,2
BRDA:46,3,0,2
BRDA:46,3,1,1
BRDA:53,4,0,2
BRDA:53,4,1,1
BRDA:54,5,0,1
BRDA:54,5,1,1
BRDA:72,6,0,2
BRDA:72,6,1,2
BRDA:72,6,2,2
BRDA:76,7,0,2
BRDA:76,7,1,0
BRDA:76,7,2,0
BRDA:76,7,3,0
BRDA:81,8,0,2
BRDA:81,8,1,0
BRDA:93,9,0,1
BRDA:93,9,1,0
BRDA:93,10,0,1
BRDA:93,10,1,0
BRDA:101,11,0,3
BRDA:101,11,1,0
BRDA:101,12,0,3
BRDA:101,12,1,0
BRDA:101,12,2,0
BRDA:118,13,0,0
BRDA:118,13,1,2
BRDA:141,14,0,0
BRDA:141,14,1,2
BRF:34
BRH:22
end_of_record
TN:
SF:/Users/luxin/Develop/toy/windmill-fsm/src/stateNode.ts
FN:28,(anonymous_0)
FN:45,(anonymous_1)
FN:59,(anonymous_2)
FN:69,(anonymous_3)
FN:74,(anonymous_4)
FN:78,(anonymous_5)
FN:83,(anonymous_6)
FN:89,(anonymous_7)
FN:97,(anonymous_8)
FN:106,(anonymous_9)
FN:107,(anonymous_10)
FN:113,(anonymous_11)
FN:117,(anonymous_12)
FN:121,(anonymous_13)
FN:125,(anonymous_14)
FNF:15
FNH:15
FNDA:12,(anonymous_0)
FNDA:2,(anonymous_1)
FNDA:3,(anonymous_2)
FNDA:3,(anonymous_3)
FNDA:3,(anonymous_4)
FNDA:3,(anonymous_5)
FNDA:2,(anonymous_6)
FNDA:2,(anonymous_7)
FNDA:2,(anonymous_8)
FNDA:2,(anonymous_9)
FNDA:2,(anonymous_10)
FNDA:5,(anonymous_11)
FNDA:3,(anonymous_12)
FNDA:2,(anonymous_13)
FNDA:1,(anonymous_14)
DA:1,2
DA:10,2
DA:15,2
DA:29,12
DA:30,12
DA:31,12
DA:32,12
DA:33,12
DA:37,12
DA:39,12
DA:40,12
DA:41,12
DA:42,12
DA:48,2
DA:50,2
DA:52,2
DA:53,0
DA:59,2
DA:60,3
DA:63,2
DA:64,2
DA:66,2
DA:70,3
DA:71,3
DA:72,3
DA:74,3
DA:75,3
DA:78,3
DA:79,3
DA:88,2
DA:89,2
DA:90,2
DA:93,2
DA:96,2
DA:97,2
DA:98,2
DA:100,2
DA:103,0
DA:107,2
DA:108,2
DA:114,5
DA:118,3
DA:122,2
DA:126,1
LF:44
LH:42
BRDA:29,0,0,12
BRDA:29,0,1,5
BRDA:29,0,2,2
BRDA:31,1,0,7
BRDA:31,1,1,5
BRDA:32,2,0,12
BRDA:32,2,1,0
BRDA:32,2,2,12
BRDA:34,3,0,12
BRDA:34,3,1,0
BRDA:37,4,0,12
BRDA:37,4,1,7
BRDA:50,5,0,2
BRDA:50,5,1,2
BRDA:52,6,0,0
BRDA:52,6,1,2
BRDA:59,7,0,2
BRDA:59,7,1,2
BRDA:60,8,0,3
BRDA:60,8,1,1
BRDA:71,9,0,3
BRDA:71,9,1,0
BRDA:72,10,0,3
BRDA:72,10,1,0
BRDA:75,11,0,3
BRDA:75,11,1,3
BRDA:79,12,0,3
BRDA:79,12,1,3
BRDA:90,13,0,2
BRDA:90,13,1,2
BRDA:96,14,0,2
BRDA:96,14,1,0
BRF:32
BRH:26
end_of_record
TN:
SF:/Users/luxin/Develop/toy/windmill-fsm/src/utils.ts
FN:1,iterateState
FN:26,(anonymous_1)
FN:44,toArray
FN:54,ObjToArray
FN:59,(anonymous_4)
FNF:5
FNH:5
FNDA:5,iterateState
FNDA:6,(anonymous_1)
FNDA:26,toArray
FNDA:12,ObjToArray
FNDA:9,(anonymous_4)
DA:1,3
DA:6,5
DA:8,5
DA:10,5
DA:11,1
DA:14,4
DA:19,4
DA:21,4
DA:25,4
DA:27,6
DA:28,6
DA:32,6
DA:33,2
DA:41,4
DA:44,3
DA:45,26
DA:46,1
DA:48,25
DA:49,24
DA:51,1
DA:54,3
DA:55,12
DA:56,5
DA:58,7
DA:59,7
DA:60,9
DA:61,9
DA:62,9
DA:65,7
LF:29
LH:29
BRDA:6,0,0,0
BRDA:6,0,1,5
BRDA:10,1,0,1
BRDA:10,1,1,4
BRDA:10,2,0,5
BRDA:10,2,1,5
BRDA:10,2,2,5
BRDA:14,3,0,4
BRDA:14,3,1,0
BRDA:32,4,0,2
BRDA:32,4,1,4
BRDA:32,5,0,6
BRDA:32,5,1,6
BRDA:32,5,2,2
BRDA:45,6,0,1
BRDA:45,6,1,25
BRDA:48,7,0,24
BRDA:48,7,1,1
BRDA:55,8,0,5
BRDA:55,8,1,7
BRF:20
BRH:18
end_of_record
